Determining if the CL_VERSION_2_0 exist failed with the following output:
Change Dir: /home/ixtiyor/Downloads/libfreenect2/build/CMakeFiles/CMakeTmp

Run Build Command:"/usr/bin/make" "cmTC_a3e4c/fast"
/usr/bin/make -f CMakeFiles/cmTC_a3e4c.dir/build.make CMakeFiles/cmTC_a3e4c.dir/build
make[1]: Entering directory '/home/ixtiyor/Downloads/libfreenect2/build/CMakeFiles/CMakeTmp'
Building C object CMakeFiles/cmTC_a3e4c.dir/CheckSymbolExists.c.o
/usr/bin/cc   -I/usr/local/cuda-10.0/include   -o CMakeFiles/cmTC_a3e4c.dir/CheckSymbolExists.c.o   -c /home/ixtiyor/Downloads/libfreenect2/build/CMakeFiles/CMakeTmp/CheckSymbolExists.c
/home/ixtiyor/Downloads/libfreenect2/build/CMakeFiles/CMakeTmp/CheckSymbolExists.c: In function ‘main’:
/home/ixtiyor/Downloads/libfreenect2/build/CMakeFiles/CMakeTmp/CheckSymbolExists.c:8:19: error: ‘CL_VERSION_2_0’ undeclared (first use in this function)
   return ((int*)(&CL_VERSION_2_0))[argc];
                   ^
/home/ixtiyor/Downloads/libfreenect2/build/CMakeFiles/CMakeTmp/CheckSymbolExists.c:8:19: note: each undeclared identifier is reported only once for each function it appears in
CMakeFiles/cmTC_a3e4c.dir/build.make:65: recipe for target 'CMakeFiles/cmTC_a3e4c.dir/CheckSymbolExists.c.o' failed
make[1]: *** [CMakeFiles/cmTC_a3e4c.dir/CheckSymbolExists.c.o] Error 1
make[1]: Leaving directory '/home/ixtiyor/Downloads/libfreenect2/build/CMakeFiles/CMakeTmp'
Makefile:126: recipe for target 'cmTC_a3e4c/fast' failed
make: *** [cmTC_a3e4c/fast] Error 2

File /home/ixtiyor/Downloads/libfreenect2/build/CMakeFiles/CMakeTmp/CheckSymbolExists.c:
/* */
#include </usr/local/cuda-10.0/include/CL/cl.h>

int main(int argc, char** argv)
{
  (void)argv;
#ifndef CL_VERSION_2_0
  return ((int*)(&CL_VERSION_2_0))[argc];
#else
  (void)argc;
  return 0;
#endif
}

Determining if the pthread_create exist failed with the following output:
Change Dir: /home/ixtiyor/Downloads/libfreenect2/build/CMakeFiles/CMakeTmp

Run Build Command:"/usr/bin/make" "cmTC_30ad6/fast"
/usr/bin/make -f CMakeFiles/cmTC_30ad6.dir/build.make CMakeFiles/cmTC_30ad6.dir/build
make[1]: Entering directory '/home/ixtiyor/Downloads/libfreenect2/build/CMakeFiles/CMakeTmp'
Building C object CMakeFiles/cmTC_30ad6.dir/CheckSymbolExists.c.o
/usr/bin/cc    -fPIC    -o CMakeFiles/cmTC_30ad6.dir/CheckSymbolExists.c.o   -c /home/ixtiyor/Downloads/libfreenect2/build/CMakeFiles/CMakeTmp/CheckSymbolExists.c
Linking C executable cmTC_30ad6
/usr/bin/cmake -E cmake_link_script CMakeFiles/cmTC_30ad6.dir/link.txt --verbose=1
/usr/bin/cc  -fPIC     CMakeFiles/cmTC_30ad6.dir/CheckSymbolExists.c.o  -o cmTC_30ad6 -rdynamic 
CMakeFiles/cmTC_30ad6.dir/CheckSymbolExists.c.o: In function `main':
CheckSymbolExists.c:(.text+0x1b): undefined reference to `pthread_create'
collect2: error: ld returned 1 exit status
CMakeFiles/cmTC_30ad6.dir/build.make:97: recipe for target 'cmTC_30ad6' failed
make[1]: *** [cmTC_30ad6] Error 1
make[1]: Leaving directory '/home/ixtiyor/Downloads/libfreenect2/build/CMakeFiles/CMakeTmp'
Makefile:126: recipe for target 'cmTC_30ad6/fast' failed
make: *** [cmTC_30ad6/fast] Error 2

File /home/ixtiyor/Downloads/libfreenect2/build/CMakeFiles/CMakeTmp/CheckSymbolExists.c:
/* */
#include <pthread.h>

int main(int argc, char** argv)
{
  (void)argv;
#ifndef pthread_create
  return ((int*)(&pthread_create))[argc];
#else
  (void)argc;
  return 0;
#endif
}

Determining if the function pthread_create exists in the pthreads failed with the following output:
Change Dir: /home/ixtiyor/Downloads/libfreenect2/build/CMakeFiles/CMakeTmp

Run Build Command:"/usr/bin/make" "cmTC_6705c/fast"
/usr/bin/make -f CMakeFiles/cmTC_6705c.dir/build.make CMakeFiles/cmTC_6705c.dir/build
make[1]: Entering directory '/home/ixtiyor/Downloads/libfreenect2/build/CMakeFiles/CMakeTmp'
Building C object CMakeFiles/cmTC_6705c.dir/CheckFunctionExists.c.o
/usr/bin/cc    -fPIC -DCHECK_FUNCTION_EXISTS=pthread_create   -o CMakeFiles/cmTC_6705c.dir/CheckFunctionExists.c.o   -c /usr/share/cmake-3.5/Modules/CheckFunctionExists.c
Linking C executable cmTC_6705c
/usr/bin/cmake -E cmake_link_script CMakeFiles/cmTC_6705c.dir/link.txt --verbose=1
/usr/bin/cc  -fPIC -DCHECK_FUNCTION_EXISTS=pthread_create    CMakeFiles/cmTC_6705c.dir/CheckFunctionExists.c.o  -o cmTC_6705c -rdynamic -lpthreads 
/usr/bin/ld: cannot find -lpthreads
collect2: error: ld returned 1 exit status
CMakeFiles/cmTC_6705c.dir/build.make:97: recipe for target 'cmTC_6705c' failed
make[1]: *** [cmTC_6705c] Error 1
make[1]: Leaving directory '/home/ixtiyor/Downloads/libfreenect2/build/CMakeFiles/CMakeTmp'
Makefile:126: recipe for target 'cmTC_6705c/fast' failed
make: *** [cmTC_6705c/fast] Error 2


